<?xml version="1.0" encoding="UTF-8"?>
<Site BuildName="Linux-g++"
	BuildStamp="20231021-0246-Experimental"
	Name="awlN751JX"
	Generator="ctest-3.22.1"
	CompilerName="/usr/bin/g++"
	CompilerVersion="11.4.0"
	OSName="Linux"
	Hostname="awlN751JX"
	OSRelease="6.2.0-34-generic"
	OSVersion="#34~22.04.1-Ubuntu SMP PREEMPT_DYNAMIC Thu Sep  7 13:12:03 UTC 2"
	OSPlatform="x86_64"
	Is64Bits="1"
	VendorString="GenuineIntel"
	VendorID="Intel Corporation"
	FamilyID="6"
	ModelID="60"
	ProcessorCacheSize="6144"
	NumberOfLogicalCPU="8"
	NumberOfPhysicalCPU="4"
	TotalVirtualMemory="2047"
	TotalPhysicalMemory="7819"
	LogicalProcessorsPerPhysical="2"
	ProcessorClockFrequency="3391.88"
	>
	<Testing>
		<StartDateTime>Oct 21 09:46 +07</StartDateTime>
		<StartTestTime>1697856364</StartTestTime>
		<TestList/>
		<EndDateTime>Oct 21 09:46 +07</EndDateTime>
		<EndTestTime>1697856364</EndTestTime>
		<ElapsedMinutes>0</ElapsedMinutes>
	</Testing>
</Site>
